====START OF HERA REGRESSION TESTING LOG====

UFSWM hash used in testing:
7892fbfb35d19d85c73613137bef1da53349d2b0

Submodule hashes used in testing:
 37cbb7d6840ae7515a9a8f0dfd4d89461b3396d1 AQM (v0.2.0-37-g37cbb7d)
 3d7067a523b8557058755289e4275f5f5c985daf CDEPS-interface/CDEPS (cdeps0.4.17-40-g3d7067a)
 9c0cd8d3ba5963d01711094a3c81b6358fcb8367 CICE-interface/CICE (CICE6.0.0-448-g9c0cd8d)
 2d837b16af326b09ff4018daab4de84f4deff7ec CMEPS-interface/CMEPS (cmeps_v0.4.1-2307-g2d837b1)
 cabd7753ae17f7bfcc6dad56daf10868aa51c3f4 CMakeModules (v1.0.0-28-gcabd775)
 b3640007c51c8899533e1b835940a2030a768fcc FV3 (heads/develop)
 041422934cae1570f2f0e67239d5d89f11c6e1b7 GOCART (sdr_v2.1.2.6-119-g0414229)
 35789c757766e07f688b4c0c7c5229816f224b09 HYCOM-interface/HYCOM (2.3.00-121-g35789c7)
 b32aea7bf3f9e2a774afa23d3386c88156cd1182 MOM6-interface/MOM6 (dev/master/repository_split_2014.10.10-10051-gb32aea7bf)
 ec38ea3d902644cd4519d5fe060316859ccdc108 NOAHMP-interface/noahmp (v3.7.1-434-gec38ea3)
 d9b3172f4197c65d471662c6952a668152d71230 WW3 (6.07.1-345-gd9b3172f)
 fad2fe9f42f6b7f744b128b4a2a9433f91e4296f stochastic_physics (ufs-v2.0.0-219-gfad2fe9)


NOTES:
[Times](Memory) are at the end of each compile/test in format [MM:SS](Size).
The first time is for the full script (prep+run+finalize).
The second time is specifically for the run phase.
Times/Memory will be empty for failed tests.

BASELINE DIRECTORY: /scratch2/NAGAPE/epic/UFS-WM_RT/NEMSfv3gfs/develop-20240530
COMPARISON DIRECTORY: /scratch1/NCEPDEV/stmp2/Zachary.Shrader/FV3_RT/rt_238289

RT.SH OPTIONS USED:
* (-a) - HPC PROJECT ACCOUNT: epic
* (-l) - USE CONFIG FILE: rt.conf
* (-r) - USE ROCOTO

PASS -- COMPILE 's2swa_32bit_intel' [08:36, 08:36] ( 1 warnings 8 remarks )
PASS -- TEST 'cpld_control_p8_mixedmode_intel' [06:52, 05:59](3263 MB)

PASS -- COMPILE 's2swa_32bit_pdlib_intel' [05:56, 05:57] ( 1 warnings 8 remarks )
PASS -- TEST 'cpld_control_gfsv17_intel' [17:59, 17:14](1962 MB)
PASS -- TEST 'cpld_control_gfsv17_iau_intel' [18:56, 18:02](2137 MB)
PASS -- TEST 'cpld_restart_gfsv17_intel' [09:07, 08:13](1233 MB)
PASS -- TEST 'cpld_mpi_gfsv17_intel' [20:09, 19:25](1860 MB)

PASS -- COMPILE 's2swa_32bit_pdlib_sfs_intel' [06:11, 06:12] ( 1 warnings 8 remarks )
PASS -- TEST 'cpld_control_sfs_intel' [17:21, 16:52](1928 MB)

PASS -- COMPILE 's2swa_32bit_pdlib_debug_intel' [16:59, 17:00] ( 1525 warnings 1998 remarks )
PASS -- TEST 'cpld_debug_gfsv17_intel' [23:27, 22:31](1895 MB)

PASS -- COMPILE 's2swa_intel' [09:05, 09:06] ( 8 remarks )
PASS -- TEST 'cpld_control_p8_intel' [06:59, 06:08](3311 MB)
PASS -- TEST 'cpld_control_p8.v2.sfc_intel' [06:59, 06:04](3323 MB)
PASS -- TEST 'cpld_restart_p8_intel' [05:05, 03:39](3231 MB)
PASS -- TEST 'cpld_control_qr_p8_intel' [06:50, 06:01](3318 MB)
PASS -- TEST 'cpld_restart_qr_p8_intel' [04:59, 03:38](3238 MB)
PASS -- TEST 'cpld_2threads_p8_intel' [06:31, 05:45](3593 MB)
PASS -- TEST 'cpld_decomp_p8_intel' [06:52, 06:09](3316 MB)
PASS -- TEST 'cpld_mpi_p8_intel' [05:45, 04:54](3176 MB)
PASS -- TEST 'cpld_control_ciceC_p8_intel' [07:05, 06:10](3321 MB)
PASS -- TEST 'cpld_control_c192_p8_intel' [12:37, 10:34](3496 MB)
PASS -- TEST 'cpld_restart_c192_p8_intel' [09:04, 06:31](3600 MB)
PASS -- TEST 'cpld_bmark_p8_intel' [17:28, 10:24](4238 MB)
PASS -- TEST 'cpld_restart_bmark_p8_intel' [16:34, 06:41](4334 MB)
PASS -- TEST 'cpld_s2sa_p8_intel' [06:38, 05:47](3286 MB)

PASS -- COMPILE 's2sw_intel' [09:14, 09:15] ( 8 remarks )
PASS -- TEST 'cpld_control_noaero_p8_intel' [06:06, 05:20](1959 MB)
PASS -- TEST 'cpld_control_nowave_noaero_p8_intel' [05:24, 04:34](2009 MB)

PASS -- COMPILE 's2swa_debug_intel' [17:11, 17:12] ( 1450 warnings 1228 remarks )
PASS -- TEST 'cpld_debug_p8_intel' [09:28, 08:40](3309 MB)

PASS -- COMPILE 's2sw_debug_intel' [16:45, 16:46] ( 1450 warnings 1228 remarks )
PASS -- TEST 'cpld_debug_noaero_p8_intel' [06:45, 06:00](1963 MB)

PASS -- COMPILE 's2s_aoflux_intel' [09:25, 09:26] ( 1 remarks )
PASS -- TEST 'cpld_control_noaero_p8_agrid_intel' [05:25, 04:36](2018 MB)

PASS -- COMPILE 's2s_intel' [09:27, 09:28] ( 1 remarks )
PASS -- TEST 'cpld_control_c48_intel' [10:03, 09:34](3071 MB)
PASS -- TEST 'cpld_warmstart_c48_intel' [03:15, 02:43](3045 MB)
PASS -- TEST 'cpld_restart_c48_intel' [02:01, 01:30](2474 MB)

PASS -- COMPILE 's2swa_faster_intel' [21:15, 21:14] ( 8 remarks )
PASS -- TEST 'cpld_control_p8_faster_intel' [06:50, 05:46](3338 MB)

PASS -- COMPILE 's2sw_pdlib_intel' [16:26, 16:24] ( 8 remarks )
PASS -- TEST 'cpld_control_pdlib_p8_intel' [18:13, 17:24](1978 MB)
PASS -- TEST 'cpld_restart_pdlib_p8_intel' [09:23, 08:14](1226 MB)
PASS -- TEST 'cpld_mpi_pdlib_p8_intel' [20:43, 19:56](1873 MB)

PASS -- COMPILE 's2sw_pdlib_debug_intel' [04:49, 04:49] ( 1560 warnings 1998 remarks )
PASS -- TEST 'cpld_debug_pdlib_p8_intel' [26:47, 26:03](1914 MB)

PASS -- COMPILE 'atm_dyn32_intel' [11:49, 11:48] ( 1 warnings 1 remarks )
PASS -- TEST 'control_flake_intel' [03:39, 03:27](683 MB)
PASS -- TEST 'control_CubedSphereGrid_intel' [03:28, 03:02](1570 MB)
PASS -- TEST 'control_CubedSphereGrid_parallel_intel' [03:33, 02:59](1579 MB)
PASS -- TEST 'control_latlon_intel' [03:23, 02:57](1583 MB)
PASS -- TEST 'control_wrtGauss_netcdf_parallel_intel' [03:31, 03:00](1576 MB)
PASS -- TEST 'control_c48_intel' [08:10, 07:42](1753 MB)
PASS -- TEST 'control_c48.v2.sfc_intel' [06:41, 06:28](862 MB)
PASS -- TEST 'control_c192_intel' [11:33, 10:55](1742 MB)
PASS -- TEST 'control_c384_intel' [12:20, 10:55](1982 MB)
PASS -- TEST 'control_c384gdas_intel' [10:45, 08:25](1372 MB)
PASS -- TEST 'control_stochy_intel' [02:02, 01:47](643 MB)
PASS -- TEST 'control_stochy_restart_intel' [01:29, 01:04](484 MB)
PASS -- TEST 'control_lndp_intel' [01:58, 01:41](644 MB)
PASS -- TEST 'control_iovr4_intel' [02:52, 02:34](640 MB)
PASS -- TEST 'control_iovr5_intel' [02:49, 02:33](632 MB)
PASS -- TEST 'control_p8_intel' [03:53, 03:13](1868 MB)
PASS -- TEST 'control_p8.v2.sfc_intel' [04:05, 03:14](1874 MB)
PASS -- TEST 'control_p8_ugwpv1_intel' [03:51, 03:12](1875 MB)
PASS -- TEST 'control_restart_p8_intel' [02:25, 01:51](1103 MB)
PASS -- TEST 'control_noqr_p8_intel' [03:50, 03:13](1861 MB)
PASS -- TEST 'control_restart_noqr_p8_intel' [02:41, 01:50](1144 MB)
PASS -- TEST 'control_decomp_p8_intel' [03:53, 03:15](1853 MB)
PASS -- TEST 'control_2threads_p8_intel' [03:40, 03:06](1971 MB)
PASS -- TEST 'control_p8_lndp_intel' [05:58, 05:28](1870 MB)
PASS -- TEST 'control_p8_rrtmgp_intel' [04:52, 04:12](1921 MB)
PASS -- TEST 'control_p8_mynn_intel' [03:50, 03:10](1880 MB)
PASS -- TEST 'merra2_thompson_intel' [04:07, 03:29](1881 MB)
PASS -- TEST 'regional_control_intel' [05:54, 05:28](1083 MB)
PASS -- TEST 'regional_restart_intel' [03:23, 02:56](1075 MB)
PASS -- TEST 'regional_decomp_intel' [06:14, 05:49](1080 MB)
PASS -- TEST 'regional_2threads_intel' [04:02, 03:35](1081 MB)
PASS -- TEST 'regional_noquilt_intel' [05:53, 05:27](1373 MB)
PASS -- TEST 'regional_netcdf_parallel_intel' [05:53, 05:24](1089 MB)
PASS -- TEST 'regional_2dwrtdecomp_intel' [05:53, 05:28](1081 MB)
PASS -- TEST 'regional_wofs_intel' [07:21, 06:53](1896 MB)

PASS -- COMPILE 'rrfs_intel' [11:08, 11:08] ( 3 warnings 9 remarks )
PASS -- TEST 'rap_control_intel' [08:18, 07:48](1094 MB)
PASS -- TEST 'regional_spp_sppt_shum_skeb_intel' [05:11, 04:19](1280 MB)
PASS -- TEST 'rap_decomp_intel' [08:37, 08:11](1027 MB)
PASS -- TEST 'rap_2threads_intel' [07:48, 07:22](1165 MB)
PASS -- TEST 'rap_restart_intel' [04:39, 04:07](1079 MB)
PASS -- TEST 'rap_sfcdiff_intel' [08:19, 07:49](1086 MB)
PASS -- TEST 'rap_sfcdiff_decomp_intel' [08:39, 08:11](1020 MB)
PASS -- TEST 'rap_sfcdiff_restart_intel' [06:38, 05:58](1116 MB)
PASS -- TEST 'hrrr_control_intel' [04:26, 04:01](1027 MB)
PASS -- TEST 'hrrr_control_decomp_intel' [04:37, 04:09](1012 MB)
PASS -- TEST 'hrrr_control_2threads_intel' [04:14, 03:48](1081 MB)
PASS -- TEST 'hrrr_control_restart_intel' [02:31, 02:11](996 MB)
PASS -- TEST 'rrfs_v1beta_intel' [08:28, 07:49](1071 MB)
PASS -- TEST 'rrfs_v1nssl_intel' [09:46, 09:30](1972 MB)
PASS -- TEST 'rrfs_v1nssl_nohailnoccn_intel' [09:25, 09:09](2053 MB)

PASS -- COMPILE 'csawmg_intel' [10:35, 10:34]
PASS -- TEST 'control_csawmg_intel' [06:43, 06:16](1004 MB)
PASS -- TEST 'control_ras_intel' [03:32, 03:20](731 MB)

PASS -- COMPILE 'csawmg_gnu' [04:12, 04:12]
FAILED: UNABLE TO COMPLETE COMPARISON -- TEST 'control_csawmg_gnu' [, ]( MB)

PASS -- COMPILE 'wam_intel' [10:08, 10:06]
PASS -- TEST 'control_wam_intel' [02:21, 02:09](640 MB)

PASS -- COMPILE 'atm_faster_dyn32_intel' [18:56, 18:55] ( 1 remarks )
PASS -- TEST 'control_p8_faster_intel' [03:42, 03:00](1876 MB)
PASS -- TEST 'regional_control_faster_intel' [05:24, 04:58](1079 MB)

PASS -- COMPILE 'atm_debug_dyn32_intel' [06:12, 06:11] ( 884 warnings 9 remarks )
PASS -- TEST 'control_CubedSphereGrid_debug_intel' [03:11, 02:41](1580 MB)
PASS -- TEST 'control_wrtGauss_netcdf_parallel_debug_intel' [03:19, 02:47](1566 MB)
PASS -- TEST 'control_stochy_debug_intel' [03:19, 03:04](777 MB)
PASS -- TEST 'control_lndp_debug_intel' [03:01, 02:47](781 MB)
PASS -- TEST 'control_csawmg_debug_intel' [04:45, 04:18](1096 MB)
PASS -- TEST 'control_ras_debug_intel' [03:00, 02:47](795 MB)
PASS -- TEST 'control_diag_debug_intel' [03:24, 02:47](1641 MB)
PASS -- TEST 'control_debug_p8_intel' [03:31, 03:03](1863 MB)
PASS -- TEST 'regional_debug_intel' [18:00, 17:33](1053 MB)
PASS -- TEST 'rap_control_debug_intel' [05:06, 04:50](1167 MB)
PASS -- TEST 'hrrr_control_debug_intel' [05:01, 04:48](1169 MB)
PASS -- TEST 'hrrr_gf_debug_intel' [05:06, 04:52](1167 MB)
PASS -- TEST 'hrrr_c3_debug_intel' [05:08, 04:54](1165 MB)
PASS -- TEST 'rap_unified_drag_suite_debug_intel' [05:10, 04:55](1160 MB)
PASS -- TEST 'rap_diag_debug_intel' [05:37, 05:08](1248 MB)
PASS -- TEST 'rap_cires_ugwp_debug_intel' [05:26, 05:09](1164 MB)
PASS -- TEST 'rap_unified_ugwp_debug_intel' [05:28, 05:03](1171 MB)
PASS -- TEST 'rap_lndp_debug_intel' [05:22, 05:06](1162 MB)
PASS -- TEST 'rap_progcld_thompson_debug_intel' [05:10, 04:54](1174 MB)
PASS -- TEST 'rap_noah_debug_intel' [05:09, 04:53](1172 MB)
PASS -- TEST 'rap_sfcdiff_debug_intel' [05:14, 04:58](1164 MB)
PASS -- TEST 'rap_noah_sfcdiff_cires_ugwp_debug_intel' [08:21, 08:04](1167 MB)
PASS -- TEST 'rrfs_v1beta_debug_intel' [05:02, 04:47](1160 MB)
PASS -- TEST 'rap_clm_lake_debug_intel' [06:16, 05:59](1150 MB)
PASS -- TEST 'rap_flake_debug_intel' [05:21, 05:00](1166 MB)
PASS -- TEST 'gnv1_c96_no_nest_debug_intel' [09:13, 08:39](1174 MB)

PASS -- COMPILE 'atm_debug_dyn32_gnu' [04:41, 04:40]
PASS -- TEST 'control_csawmg_debug_gnu' [02:52, 02:23](708 MB)

PASS -- COMPILE 'wam_debug_intel' [03:47, 03:45] ( 855 warnings )
PASS -- TEST 'control_wam_debug_intel' [05:21, 05:06](467 MB)

PASS -- COMPILE 'rrfs_dyn32_phy32_intel' [10:44, 10:43] ( 3 warnings 8 remarks )
PASS -- TEST 'regional_spp_sppt_shum_skeb_dyn32_phy32_intel' [04:48, 03:57](1145 MB)
PASS -- TEST 'rap_control_dyn32_phy32_intel' [06:56, 06:27](1040 MB)
PASS -- TEST 'hrrr_control_dyn32_phy32_intel' [03:54, 03:27](972 MB)
PASS -- TEST 'rap_2threads_dyn32_phy32_intel' [06:40, 06:09](1079 MB)
PASS -- TEST 'hrrr_control_2threads_dyn32_phy32_intel' [03:31, 03:10](942 MB)
PASS -- TEST 'hrrr_control_decomp_dyn32_phy32_intel' [04:01, 03:39](913 MB)
PASS -- TEST 'rap_restart_dyn32_phy32_intel' [05:28, 04:57](1015 MB)
PASS -- TEST 'hrrr_control_restart_dyn32_phy32_intel' [02:14, 01:54](909 MB)

PASS -- COMPILE 'rrfs_dyn32_phy32_faster_intel' [14:51, 14:50] ( 3 warnings 8 remarks )
PASS -- TEST 'conus13km_control_intel' [02:56, 02:08](1194 MB)
PASS -- TEST 'conus13km_2threads_intel' [01:39, 00:55](1078 MB)
PASS -- TEST 'conus13km_restart_mismatch_intel' [01:56, 01:15](1097 MB)

PASS -- COMPILE 'rrfs_dyn64_phy32_intel' [10:46, 10:46] ( 3 warnings 8 remarks )
PASS -- TEST 'rap_control_dyn64_phy32_intel' [04:48, 04:10](969 MB)

PASS -- COMPILE 'rrfs_dyn32_phy32_debug_intel' [04:00, 03:59] ( 787 warnings 8 remarks )
PASS -- TEST 'rap_control_debug_dyn32_phy32_intel' [05:05, 04:50](1046 MB)
PASS -- TEST 'hrrr_control_debug_dyn32_phy32_intel' [05:05, 04:49](1047 MB)
PASS -- TEST 'conus13km_debug_intel' [15:36, 14:47](1168 MB)
PASS -- TEST 'conus13km_debug_qr_intel' [15:15, 14:37](850 MB)
PASS -- TEST 'conus13km_debug_2threads_intel' [09:01, 08:23](1084 MB)
PASS -- TEST 'conus13km_radar_tten_debug_intel' [15:47, 15:04](1245 MB)

PASS -- COMPILE 'rrfs_dyn64_phy32_debug_intel' [03:57, 03:56] ( 787 warnings 8 remarks )
PASS -- TEST 'rap_control_dyn64_phy32_debug_intel' [05:26, 05:09](1090 MB)

PASS -- COMPILE 'hafsw_intel' [12:32, 12:32] ( 1 warnings 8 remarks )
PASS -- TEST 'hafs_regional_atm_intel' [06:48, 05:50](721 MB)
PASS -- TEST 'hafs_regional_atm_thompson_gfdlsf_intel' [07:13, 06:50](1089 MB)
PASS -- TEST 'hafs_regional_atm_ocn_intel' [08:25, 07:15](806 MB)
PASS -- TEST 'hafs_regional_atm_wav_intel' [14:54, 13:47](862 MB)
PASS -- TEST 'hafs_regional_atm_ocn_wav_intel' [17:02, 15:39](855 MB)
PASS -- TEST 'hafs_regional_1nest_atm_intel' [06:53, 05:54](485 MB)
PASS -- TEST 'hafs_regional_telescopic_2nests_atm_intel' [08:11, 07:04](508 MB)
PASS -- TEST 'hafs_global_1nest_atm_intel' [03:36, 03:03](354 MB)
PASS -- TEST 'hafs_global_multiple_4nests_atm_intel' [09:49, 07:26](466 MB)
PASS -- TEST 'hafs_regional_specified_moving_1nest_atm_intel' [04:20, 03:47](493 MB)
PASS -- TEST 'hafs_regional_storm_following_1nest_atm_intel' [04:20, 03:40](511 MB)
PASS -- TEST 'hafs_regional_storm_following_1nest_atm_ocn_intel' [04:57, 04:15](580 MB)
PASS -- TEST 'hafs_global_storm_following_1nest_atm_intel' [01:30, 01:15](392 MB)
PASS -- TEST 'gnv1_nested_intel' [04:50, 04:14](786 MB)

PASS -- COMPILE 'hafsw_debug_intel' [04:26, 04:25] ( 1467 warnings 1501 remarks )
PASS -- TEST 'hafs_regional_storm_following_1nest_atm_ocn_debug_intel' [13:29, 12:47](534 MB)

PASS -- COMPILE 'hafsw_faster_intel' [20:44, 20:44] ( 7 remarks )
PASS -- TEST 'hafs_regional_storm_following_1nest_atm_ocn_wav_intel' [09:37, 08:44](627 MB)
PASS -- TEST 'hafs_regional_storm_following_1nest_atm_ocn_wav_inline_intel' [09:40, 08:47](696 MB)

PASS -- COMPILE 'hafs_mom6w_intel' [12:36, 12:35] ( 7 remarks )
PASS -- TEST 'hafs_regional_storm_following_1nest_atm_ocn_wav_mom6_intel' [07:17, 06:27](679 MB)

PASS -- COMPILE 'hafs_all_intel' [11:58, 11:58] ( 7 remarks )
PASS -- TEST 'hafs_regional_docn_intel' [07:37, 06:35](809 MB)
PASS -- TEST 'hafs_regional_docn_oisst_intel' [07:32, 06:33](798 MB)
PASS -- TEST 'hafs_regional_datm_cdeps_intel' [16:40, 16:01](1203 MB)

PASS -- COMPILE 'datm_cdeps_intel' [06:15, 06:15]
PASS -- TEST 'datm_cdeps_control_cfsr_intel' [02:49, 02:42](1140 MB)
PASS -- TEST 'datm_cdeps_restart_cfsr_intel' [01:46, 01:40](1085 MB)
PASS -- TEST 'datm_cdeps_control_gefs_intel' [02:42, 02:35](1012 MB)
PASS -- TEST 'datm_cdeps_iau_gefs_intel' [02:47, 02:39](1023 MB)
PASS -- TEST 'datm_cdeps_stochy_gefs_intel' [02:42, 02:35](1016 MB)
PASS -- TEST 'datm_cdeps_ciceC_cfsr_intel' [02:52, 02:45](1139 MB)
PASS -- TEST 'datm_cdeps_bulk_cfsr_intel' [02:48, 02:42](1160 MB)
PASS -- TEST 'datm_cdeps_bulk_gefs_intel' [02:41, 02:35](1006 MB)
PASS -- TEST 'datm_cdeps_mx025_cfsr_intel' [07:27, 06:13](1072 MB)
PASS -- TEST 'datm_cdeps_mx025_gefs_intel' [07:29, 06:17](1034 MB)
PASS -- TEST 'datm_cdeps_multiple_files_cfsr_intel' [02:46, 02:41](1128 MB)
PASS -- TEST 'datm_cdeps_3072x1536_cfsr_intel' [04:17, 04:09](2445 MB)
PASS -- TEST 'datm_cdeps_gfs_intel' [04:00, 03:52](2477 MB)

PASS -- COMPILE 'datm_cdeps_debug_intel' [03:01, 03:01] ( 2 warnings )
PASS -- TEST 'datm_cdeps_debug_cfsr_intel' [06:27, 06:20](1063 MB)

PASS -- COMPILE 'datm_cdeps_faster_intel' [06:09, 06:09]
PASS -- TEST 'datm_cdeps_control_cfsr_faster_intel' [02:47, 02:39](1133 MB)

PASS -- COMPILE 'datm_cdeps_land_intel' [01:23, 01:23] ( 1 remarks )
PASS -- TEST 'datm_cdeps_lnd_gswp3_intel' [01:05, 00:48](253 MB)
PASS -- TEST 'datm_cdeps_lnd_era5_intel' [01:00, 00:48](314 MB)
PASS -- TEST 'datm_cdeps_lnd_era5_rst_intel' [00:41, 00:29](312 MB)

PASS -- COMPILE 'atml_intel' [12:38, 12:38] ( 8 warnings 2 remarks )
PASS -- TEST 'control_p8_atmlnd_sbs_intel' [05:17, 04:33](1830 MB)
PASS -- TEST 'control_p8_atmlnd_intel' [05:21, 04:36](1841 MB)
PASS -- TEST 'control_restart_p8_atmlnd_intel' [03:02, 02:25](1069 MB)

PASS -- COMPILE 'atml_debug_intel' [04:55, 04:55] ( 882 warnings 2 remarks )
PASS -- TEST 'control_p8_atmlnd_debug_intel' [06:39, 05:50](1841 MB)

PASS -- COMPILE 'atmw_intel' [11:23, 11:23] ( 8 remarks )
PASS -- TEST 'atmwav_control_noaero_p8_intel' [02:33, 01:58](1893 MB)

PASS -- COMPILE 'atmaero_intel' [11:11, 11:11] ( 1 remarks )
PASS -- TEST 'atmaero_control_p8_intel' [05:03, 04:18](3179 MB)
PASS -- TEST 'atmaero_control_p8_rad_intel' [05:43, 04:59](3077 MB)
PASS -- TEST 'atmaero_control_p8_rad_micro_intel' [05:35, 05:03](3090 MB)

PASS -- COMPILE 'atmaq_debug_intel' [03:48, 03:48] ( 884 warnings 6 remarks )
PASS -- TEST 'regional_atmaq_debug_intel' [44:17, 42:38](4298 MB)

PASS -- COMPILE 'atm_gnu' [04:44, 04:44]
PASS -- TEST 'control_c48_gnu' [11:44, 11:20](1527 MB)
FAILED: UNABLE TO COMPLETE COMPARISON -- TEST 'control_stochy_gnu' [, ]( MB)
FAILED: UNABLE TO COMPLETE COMPARISON -- TEST 'control_ras_gnu' [, ]( MB)
FAILED: UNABLE TO COMPLETE COMPARISON -- TEST 'control_p8_gnu' [, ]( MB)
FAILED: UNABLE TO COMPLETE COMPARISON -- TEST 'control_p8_ugwpv1_gnu' [, ]( MB)
FAILED: UNABLE TO COMPLETE COMPARISON -- TEST 'control_flake_gnu' [, ]( MB)

PASS -- COMPILE 'rrfs_gnu' [04:16, 04:16]
FAILED: UNABLE TO COMPLETE COMPARISON -- TEST 'rap_control_gnu' [, ]( MB)
FAILED: UNABLE TO COMPLETE COMPARISON -- TEST 'rap_decomp_gnu' [, ]( MB)
FAILED: UNABLE TO COMPLETE COMPARISON -- TEST 'rap_2threads_gnu' [, ]( MB)
FAILED: UNABLE TO COMPLETE COMPARISON -- TEST 'rap_restart_gnu' [, ]( MB)
FAILED: UNABLE TO COMPLETE COMPARISON -- TEST 'rap_sfcdiff_gnu' [, ]( MB)
FAILED: UNABLE TO COMPLETE COMPARISON -- TEST 'rap_sfcdiff_decomp_gnu' [, ]( MB)
FAILED: UNABLE TO COMPLETE COMPARISON -- TEST 'rap_sfcdiff_restart_gnu' [, ]( MB)
FAILED: UNABLE TO COMPLETE COMPARISON -- TEST 'hrrr_control_gnu' [, ]( MB)
FAILED: UNABLE TO COMPLETE COMPARISON -- TEST 'hrrr_control_noqr_gnu' [, ]( MB)
FAILED: UNABLE TO COMPLETE COMPARISON -- TEST 'hrrr_control_2threads_gnu' [, ]( MB)
FAILED: UNABLE TO COMPLETE COMPARISON -- TEST 'hrrr_control_decomp_gnu' [, ]( MB)
FAILED: UNABLE TO COMPLETE COMPARISON -- TEST 'hrrr_control_restart_gnu' [, ]( MB)
FAILED: UNABLE TO COMPLETE COMPARISON -- TEST 'hrrr_control_restart_noqr_gnu' [, ]( MB)
FAILED: UNABLE TO COMPLETE COMPARISON -- TEST 'rrfs_v1beta_gnu' [, ]( MB)

PASS -- COMPILE 'atm_dyn32_debug_gnu' [07:32, 07:31]
PASS -- TEST 'control_diag_debug_gnu' [02:30, 01:50](1249 MB)
PASS -- TEST 'regional_debug_gnu' [11:45, 11:13](720 MB)
PASS -- TEST 'rap_control_debug_gnu' [02:58, 02:41](805 MB)
PASS -- TEST 'hrrr_control_debug_gnu' [02:51, 02:36](802 MB)
PASS -- TEST 'hrrr_gf_debug_gnu' [03:00, 02:43](811 MB)
PASS -- TEST 'hrrr_c3_debug_gnu' [02:54, 02:39](804 MB)
PASS -- TEST 'rap_diag_debug_gnu' [03:21, 02:48](885 MB)
PASS -- TEST 'rap_noah_sfcdiff_cires_ugwp_debug_gnu' [04:27, 04:13](799 MB)
PASS -- TEST 'rap_progcld_thompson_debug_gnu' [02:52, 02:40](807 MB)
PASS -- TEST 'rrfs_v1beta_debug_gnu' [02:55, 02:42](801 MB)
PASS -- TEST 'control_ras_debug_gnu' [01:52, 01:39](443 MB)
PASS -- TEST 'control_stochy_debug_gnu' [02:07, 01:53](435 MB)
PASS -- TEST 'control_debug_p8_gnu' [02:22, 01:52](1415 MB)
PASS -- TEST 'rap_flake_debug_gnu' [02:52, 02:40](812 MB)
PASS -- TEST 'rap_clm_lake_debug_gnu' [03:09, 02:56](817 MB)
PASS -- TEST 'gnv1_c96_no_nest_debug_gnu' [04:52, 04:23](820 MB)

PASS -- COMPILE 'wam_debug_gnu' [02:41, 02:41]
FAILED: UNABLE TO COMPLETE COMPARISON -- TEST 'control_wam_debug_gnu' [, ]( MB)

PASS -- COMPILE 'rrfs_dyn32_phy32_gnu' [04:11, 04:11]
FAILED: UNABLE TO COMPLETE COMPARISON -- TEST 'rap_control_dyn32_phy32_gnu' [, ]( MB)
FAILED: UNABLE TO COMPLETE COMPARISON -- TEST 'hrrr_control_dyn32_phy32_gnu' [, ]( MB)
FAILED: UNABLE TO COMPLETE COMPARISON -- TEST 'rap_2threads_dyn32_phy32_gnu' [, ]( MB)
FAILED: UNABLE TO COMPLETE COMPARISON -- TEST 'hrrr_control_2threads_dyn32_phy32_gnu' [, ]( MB)
FAILED: UNABLE TO COMPLETE COMPARISON -- TEST 'hrrr_control_decomp_dyn32_phy32_gnu' [, ]( MB)
FAILED: UNABLE TO COMPLETE COMPARISON -- TEST 'rap_restart_dyn32_phy32_gnu' [, ]( MB)
FAILED: UNABLE TO COMPLETE COMPARISON -- TEST 'hrrr_control_restart_dyn32_phy32_gnu' [, ]( MB)
FAILED: UNABLE TO COMPLETE COMPARISON -- TEST 'conus13km_control_gnu' [, ]( MB)
FAILED: UNABLE TO COMPLETE COMPARISON -- TEST 'conus13km_2threads_gnu' [, ]( MB)
FAILED: UNABLE TO COMPLETE COMPARISON -- TEST 'conus13km_restart_mismatch_gnu' [, ]( MB)

PASS -- COMPILE 'atm_dyn64_phy32_gnu' [11:06, 11:05]
FAILED: UNABLE TO COMPLETE COMPARISON -- TEST 'rap_control_dyn64_phy32_gnu' [, ]( MB)

PASS -- COMPILE 'atm_dyn32_phy32_debug_gnu' [07:46, 07:45]
PASS -- TEST 'rap_control_debug_dyn32_phy32_gnu' [02:52, 02:38](704 MB)
PASS -- TEST 'hrrr_control_debug_dyn32_phy32_gnu' [02:50, 02:35](701 MB)
PASS -- TEST 'conus13km_debug_gnu' [07:46, 07:10](861 MB)
PASS -- TEST 'conus13km_debug_qr_gnu' [07:50, 07:16](563 MB)
PASS -- TEST 'conus13km_debug_2threads_gnu' [08:37, 08:01](857 MB)
PASS -- TEST 'conus13km_radar_tten_debug_gnu' [07:43, 07:16](932 MB)

PASS -- COMPILE 'atm_dyn64_phy32_debug_gnu' [07:42, 07:41]
PASS -- TEST 'rap_control_dyn64_phy32_debug_gnu' [02:52, 02:38](709 MB)

PASS -- COMPILE 's2swa_gnu' [16:12, 16:12]
FAILED: UNABLE TO COMPLETE COMPARISON -- TEST 'cpld_control_p8_gnu' [, ]( MB)

PASS -- COMPILE 's2s_gnu' [15:51, 15:50]
FAILED: UNABLE TO COMPLETE COMPARISON -- TEST 'cpld_control_nowave_noaero_p8_gnu' [, ]( MB)

PASS -- COMPILE 's2swa_debug_gnu' [03:37, 03:36]
FAILED: UNABLE TO COMPLETE COMPARISON -- TEST 'cpld_debug_p8_gnu' [, ]( MB)

PASS -- COMPILE 's2sw_pdlib_gnu' [15:49, 15:49]
FAILED: UNABLE TO COMPLETE COMPARISON -- TEST 'cpld_control_pdlib_p8_gnu' [, ]( MB)

PASS -- COMPILE 's2sw_pdlib_debug_gnu' [03:12, 03:11]
PASS -- TEST 'cpld_debug_pdlib_p8_gnu' [13:40, 12:56](1441 MB)

PASS -- COMPILE 'datm_cdeps_gnu' [15:18, 15:18]
FAILED: UNABLE TO COMPLETE COMPARISON -- TEST 'datm_cdeps_control_cfsr_gnu' [, ]( MB)

SYNOPSIS:
Starting Date/Time: 20240603 13:37:42
Ending Date/Time: 20240603 18:41:35
Total Time: 05h:04m:55s
Compiles Completed: 55/55
Tests Completed: 209/246
Failed Tests:
* TEST control_csawmg_gnu: FAILED: UNABLE TO COMPLETE COMPARISON
-- LOG: /scratch1/NCEPDEV/stmp2/Zachary.Shrader/rt-2093/tests/logs/log_hera/run_control_csawmg_gnu.log
* TEST control_stochy_gnu: FAILED: UNABLE TO COMPLETE COMPARISON
-- LOG: /scratch1/NCEPDEV/stmp2/Zachary.Shrader/rt-2093/tests/logs/log_hera/run_control_stochy_gnu.log
* TEST control_ras_gnu: FAILED: UNABLE TO COMPLETE COMPARISON
-- LOG: /scratch1/NCEPDEV/stmp2/Zachary.Shrader/rt-2093/tests/logs/log_hera/run_control_ras_gnu.log
* TEST control_p8_gnu: FAILED: UNABLE TO COMPLETE COMPARISON
-- LOG: /scratch1/NCEPDEV/stmp2/Zachary.Shrader/rt-2093/tests/logs/log_hera/run_control_p8_gnu.log
* TEST control_p8_ugwpv1_gnu: FAILED: UNABLE TO COMPLETE COMPARISON
-- LOG: /scratch1/NCEPDEV/stmp2/Zachary.Shrader/rt-2093/tests/logs/log_hera/run_control_p8_ugwpv1_gnu.log
* TEST control_flake_gnu: FAILED: UNABLE TO COMPLETE COMPARISON
-- LOG: /scratch1/NCEPDEV/stmp2/Zachary.Shrader/rt-2093/tests/logs/log_hera/run_control_flake_gnu.log
* TEST rap_control_gnu: FAILED: UNABLE TO COMPLETE COMPARISON
-- LOG: /scratch1/NCEPDEV/stmp2/Zachary.Shrader/rt-2093/tests/logs/log_hera/run_rap_control_gnu.log
* TEST rap_decomp_gnu: FAILED: UNABLE TO COMPLETE COMPARISON
-- LOG: /scratch1/NCEPDEV/stmp2/Zachary.Shrader/rt-2093/tests/logs/log_hera/run_rap_decomp_gnu.log
* TEST rap_2threads_gnu: FAILED: UNABLE TO COMPLETE COMPARISON
-- LOG: /scratch1/NCEPDEV/stmp2/Zachary.Shrader/rt-2093/tests/logs/log_hera/run_rap_2threads_gnu.log
* TEST rap_restart_gnu: FAILED: UNABLE TO COMPLETE COMPARISON
-- LOG: /scratch1/NCEPDEV/stmp2/Zachary.Shrader/rt-2093/tests/logs/log_hera/run_rap_restart_gnu.log
* TEST rap_sfcdiff_gnu: FAILED: UNABLE TO COMPLETE COMPARISON
-- LOG: /scratch1/NCEPDEV/stmp2/Zachary.Shrader/rt-2093/tests/logs/log_hera/run_rap_sfcdiff_gnu.log
* TEST rap_sfcdiff_decomp_gnu: FAILED: UNABLE TO COMPLETE COMPARISON
-- LOG: /scratch1/NCEPDEV/stmp2/Zachary.Shrader/rt-2093/tests/logs/log_hera/run_rap_sfcdiff_decomp_gnu.log
* TEST rap_sfcdiff_restart_gnu: FAILED: UNABLE TO COMPLETE COMPARISON
-- LOG: /scratch1/NCEPDEV/stmp2/Zachary.Shrader/rt-2093/tests/logs/log_hera/run_rap_sfcdiff_restart_gnu.log
* TEST hrrr_control_gnu: FAILED: UNABLE TO COMPLETE COMPARISON
-- LOG: /scratch1/NCEPDEV/stmp2/Zachary.Shrader/rt-2093/tests/logs/log_hera/run_hrrr_control_gnu.log
* TEST hrrr_control_noqr_gnu: FAILED: UNABLE TO COMPLETE COMPARISON
-- LOG: /scratch1/NCEPDEV/stmp2/Zachary.Shrader/rt-2093/tests/logs/log_hera/run_hrrr_control_noqr_gnu.log
* TEST hrrr_control_2threads_gnu: FAILED: UNABLE TO COMPLETE COMPARISON
-- LOG: /scratch1/NCEPDEV/stmp2/Zachary.Shrader/rt-2093/tests/logs/log_hera/run_hrrr_control_2threads_gnu.log
* TEST hrrr_control_decomp_gnu: FAILED: UNABLE TO COMPLETE COMPARISON
-- LOG: /scratch1/NCEPDEV/stmp2/Zachary.Shrader/rt-2093/tests/logs/log_hera/run_hrrr_control_decomp_gnu.log
* TEST hrrr_control_restart_gnu: FAILED: UNABLE TO COMPLETE COMPARISON
-- LOG: /scratch1/NCEPDEV/stmp2/Zachary.Shrader/rt-2093/tests/logs/log_hera/run_hrrr_control_restart_gnu.log
* TEST hrrr_control_restart_noqr_gnu: FAILED: UNABLE TO COMPLETE COMPARISON
-- LOG: /scratch1/NCEPDEV/stmp2/Zachary.Shrader/rt-2093/tests/logs/log_hera/run_hrrr_control_restart_noqr_gnu.log
* TEST rrfs_v1beta_gnu: FAILED: UNABLE TO COMPLETE COMPARISON
-- LOG: /scratch1/NCEPDEV/stmp2/Zachary.Shrader/rt-2093/tests/logs/log_hera/run_rrfs_v1beta_gnu.log
* TEST control_wam_debug_gnu: FAILED: UNABLE TO COMPLETE COMPARISON
-- LOG: /scratch1/NCEPDEV/stmp2/Zachary.Shrader/rt-2093/tests/logs/log_hera/run_control_wam_debug_gnu.log
* TEST rap_control_dyn32_phy32_gnu: FAILED: UNABLE TO COMPLETE COMPARISON
-- LOG: /scratch1/NCEPDEV/stmp2/Zachary.Shrader/rt-2093/tests/logs/log_hera/run_rap_control_dyn32_phy32_gnu.log
* TEST hrrr_control_dyn32_phy32_gnu: FAILED: UNABLE TO COMPLETE COMPARISON
-- LOG: /scratch1/NCEPDEV/stmp2/Zachary.Shrader/rt-2093/tests/logs/log_hera/run_hrrr_control_dyn32_phy32_gnu.log
* TEST rap_2threads_dyn32_phy32_gnu: FAILED: UNABLE TO COMPLETE COMPARISON
-- LOG: /scratch1/NCEPDEV/stmp2/Zachary.Shrader/rt-2093/tests/logs/log_hera/run_rap_2threads_dyn32_phy32_gnu.log
* TEST hrrr_control_2threads_dyn32_phy32_gnu: FAILED: UNABLE TO COMPLETE COMPARISON
-- LOG: /scratch1/NCEPDEV/stmp2/Zachary.Shrader/rt-2093/tests/logs/log_hera/run_hrrr_control_2threads_dyn32_phy32_gnu.log
* TEST hrrr_control_decomp_dyn32_phy32_gnu: FAILED: UNABLE TO COMPLETE COMPARISON
-- LOG: /scratch1/NCEPDEV/stmp2/Zachary.Shrader/rt-2093/tests/logs/log_hera/run_hrrr_control_decomp_dyn32_phy32_gnu.log
* TEST rap_restart_dyn32_phy32_gnu: FAILED: UNABLE TO COMPLETE COMPARISON
-- LOG: /scratch1/NCEPDEV/stmp2/Zachary.Shrader/rt-2093/tests/logs/log_hera/run_rap_restart_dyn32_phy32_gnu.log
* TEST hrrr_control_restart_dyn32_phy32_gnu: FAILED: UNABLE TO COMPLETE COMPARISON
-- LOG: /scratch1/NCEPDEV/stmp2/Zachary.Shrader/rt-2093/tests/logs/log_hera/run_hrrr_control_restart_dyn32_phy32_gnu.log
* TEST conus13km_control_gnu: FAILED: UNABLE TO COMPLETE COMPARISON
-- LOG: /scratch1/NCEPDEV/stmp2/Zachary.Shrader/rt-2093/tests/logs/log_hera/run_conus13km_control_gnu.log
* TEST conus13km_2threads_gnu: FAILED: UNABLE TO COMPLETE COMPARISON
-- LOG: /scratch1/NCEPDEV/stmp2/Zachary.Shrader/rt-2093/tests/logs/log_hera/run_conus13km_2threads_gnu.log
* TEST conus13km_restart_mismatch_gnu: FAILED: UNABLE TO COMPLETE COMPARISON
-- LOG: /scratch1/NCEPDEV/stmp2/Zachary.Shrader/rt-2093/tests/logs/log_hera/run_conus13km_restart_mismatch_gnu.log
* TEST rap_control_dyn64_phy32_gnu: FAILED: UNABLE TO COMPLETE COMPARISON
-- LOG: /scratch1/NCEPDEV/stmp2/Zachary.Shrader/rt-2093/tests/logs/log_hera/run_rap_control_dyn64_phy32_gnu.log
* TEST cpld_control_p8_gnu: FAILED: UNABLE TO COMPLETE COMPARISON
-- LOG: /scratch1/NCEPDEV/stmp2/Zachary.Shrader/rt-2093/tests/logs/log_hera/run_cpld_control_p8_gnu.log
* TEST cpld_control_nowave_noaero_p8_gnu: FAILED: UNABLE TO COMPLETE COMPARISON
-- LOG: /scratch1/NCEPDEV/stmp2/Zachary.Shrader/rt-2093/tests/logs/log_hera/run_cpld_control_nowave_noaero_p8_gnu.log
* TEST cpld_debug_p8_gnu: FAILED: UNABLE TO COMPLETE COMPARISON
-- LOG: /scratch1/NCEPDEV/stmp2/Zachary.Shrader/rt-2093/tests/logs/log_hera/run_cpld_debug_p8_gnu.log
* TEST cpld_control_pdlib_p8_gnu: FAILED: UNABLE TO COMPLETE COMPARISON
-- LOG: /scratch1/NCEPDEV/stmp2/Zachary.Shrader/rt-2093/tests/logs/log_hera/run_cpld_control_pdlib_p8_gnu.log
* TEST datm_cdeps_control_cfsr_gnu: FAILED: UNABLE TO COMPLETE COMPARISON
-- LOG: /scratch1/NCEPDEV/stmp2/Zachary.Shrader/rt-2093/tests/logs/log_hera/run_datm_cdeps_control_cfsr_gnu.log

NOTES:
A file 'test_changes.list' was generated with list of all failed tests.
You can use './rt.sh -c -b test_changes.list' to create baselines for the failed tests.
If you are using this log as a pull request verification, please commit 'test_changes.list'.

Result: FAILURE

====END OF HERA REGRESSION TESTING LOG====
